mode: set
github.com/Devansh3712/tandb/commands.go:16.37,18.16 2 0
github.com/Devansh3712/tandb/commands.go:18.16,20.3 1 0
github.com/Devansh3712/tandb/commands.go:23.36,25.2 1 0
github.com/Devansh3712/tandb/commands.go:27.35,29.16 2 0
github.com/Devansh3712/tandb/commands.go:29.16,32.3 2 0
github.com/Devansh3712/tandb/commands.go:33.2,33.27 1 0
github.com/Devansh3712/tandb/commands.go:36.35,38.16 2 0
github.com/Devansh3712/tandb/commands.go:38.16,40.3 1 0
github.com/Devansh3712/tandb/commands.go:43.37,45.16 2 0
github.com/Devansh3712/tandb/commands.go:45.16,47.3 1 0
github.com/Devansh3712/tandb/commands.go:48.2,49.16 2 0
github.com/Devansh3712/tandb/commands.go:49.16,51.3 1 0
github.com/Devansh3712/tandb/commands.go:54.35,56.16 2 0
github.com/Devansh3712/tandb/commands.go:56.16,58.3 1 0
github.com/Devansh3712/tandb/commands.go:61.36,63.35 2 0
github.com/Devansh3712/tandb/commands.go:63.35,65.3 1 0
github.com/Devansh3712/tandb/commands.go:68.38,70.16 2 0
github.com/Devansh3712/tandb/commands.go:70.16,72.3 1 0
github.com/Devansh3712/tandb/commands.go:73.2,74.16 2 0
github.com/Devansh3712/tandb/commands.go:74.16,76.3 1 0
github.com/Devansh3712/tandb/commands.go:79.36,81.31 2 0
github.com/Devansh3712/tandb/commands.go:81.31,83.3 1 0
github.com/Devansh3712/tandb/commands.go:86.38,88.9 2 0
github.com/Devansh3712/tandb/commands.go:88.9,91.3 2 0
github.com/Devansh3712/tandb/commands.go:92.2,92.19 1 0
github.com/Devansh3712/tandb/commands.go:95.39,97.16 2 0
github.com/Devansh3712/tandb/commands.go:97.16,99.3 1 0
github.com/Devansh3712/tandb/commands.go:102.36,104.2 1 0
github.com/Devansh3712/tandb/commands.go:106.40,108.16 2 0
github.com/Devansh3712/tandb/commands.go:108.16,111.3 2 0
github.com/Devansh3712/tandb/commands.go:112.2,112.39 1 0
github.com/Devansh3712/tandb/commands.go:112.39,114.3 1 0
github.com/Devansh3712/tandb/commands.go:117.37,119.16 2 0
github.com/Devansh3712/tandb/commands.go:119.16,122.3 2 0
github.com/Devansh3712/tandb/commands.go:123.2,123.31 1 0
github.com/Devansh3712/tandb/commands.go:126.41,128.16 2 0
github.com/Devansh3712/tandb/commands.go:128.16,131.3 2 0
github.com/Devansh3712/tandb/commands.go:132.2,132.9 1 0
github.com/Devansh3712/tandb/commands.go:132.9,135.3 2 0
github.com/Devansh3712/tandb/commands.go:136.2,136.19 1 0
github.com/Devansh3712/tandb/commands.go:139.37,141.16 2 0
github.com/Devansh3712/tandb/commands.go:141.16,144.3 2 0
github.com/Devansh3712/tandb/commands.go:145.2,145.39 1 0
github.com/Devansh3712/tandb/commands.go:145.39,147.3 1 0
github.com/Devansh3712/tandb/commands.go:150.42,152.16 2 0
github.com/Devansh3712/tandb/commands.go:152.16,154.3 1 0
github.com/Devansh3712/tandb/main.go:3.13,6.2 2 0
github.com/Devansh3712/tandb/rbtree.go:8.34,16.2 1 0
github.com/Devansh3712/tandb/rbtree.go:18.26,20.2 1 0
github.com/Devansh3712/tandb/rbtree.go:22.41,23.23 1 0
github.com/Devansh3712/tandb/rbtree.go:23.23,25.3 1 0
github.com/Devansh3712/tandb/rbtree.go:26.2,28.23 3 0
github.com/Devansh3712/tandb/rbtree.go:28.23,30.3 1 0
github.com/Devansh3712/tandb/rbtree.go:31.2,34.24 2 0
github.com/Devansh3712/tandb/rbtree.go:34.24,36.3 1 0
github.com/Devansh3712/tandb/rbtree.go:36.8,36.37 1 0
github.com/Devansh3712/tandb/rbtree.go:36.37,38.3 1 0
github.com/Devansh3712/tandb/rbtree.go:38.8,40.3 1 0
github.com/Devansh3712/tandb/rbtree.go:42.2,43.21 2 0
github.com/Devansh3712/tandb/rbtree.go:46.42,47.22 1 0
github.com/Devansh3712/tandb/rbtree.go:47.22,49.3 1 0
github.com/Devansh3712/tandb/rbtree.go:50.2,52.24 3 0
github.com/Devansh3712/tandb/rbtree.go:52.24,54.3 1 0
github.com/Devansh3712/tandb/rbtree.go:55.2,57.24 2 0
github.com/Devansh3712/tandb/rbtree.go:57.24,59.3 1 0
github.com/Devansh3712/tandb/rbtree.go:59.8,59.37 1 0
github.com/Devansh3712/tandb/rbtree.go:59.37,61.3 1 0
github.com/Devansh3712/tandb/rbtree.go:61.8,63.3 1 0
github.com/Devansh3712/tandb/rbtree.go:65.2,66.21 2 0
github.com/Devansh3712/tandb/rbtree.go:69.44,71.18 2 0
github.com/Devansh3712/tandb/rbtree.go:71.18,72.26 1 0
github.com/Devansh3712/tandb/rbtree.go:72.26,74.4 1 0
github.com/Devansh3712/tandb/rbtree.go:75.3,75.25 1 0
github.com/Devansh3712/tandb/rbtree.go:75.25,77.4 1 0
github.com/Devansh3712/tandb/rbtree.go:77.9,79.4 1 0
github.com/Devansh3712/tandb/rbtree.go:81.2,81.14 1 0
github.com/Devansh3712/tandb/rbtree.go:84.40,85.53 1 0
github.com/Devansh3712/tandb/rbtree.go:85.53,86.45 1 0
github.com/Devansh3712/tandb/rbtree.go:86.45,88.42 2 0
github.com/Devansh3712/tandb/rbtree.go:88.42,95.5 4 0
github.com/Devansh3712/tandb/rbtree.go:95.10,96.34 1 0
github.com/Devansh3712/tandb/rbtree.go:96.34,99.6 2 0
github.com/Devansh3712/tandb/rbtree.go:100.5,102.38 3 0
github.com/Devansh3712/tandb/rbtree.go:104.9,106.42 2 0
github.com/Devansh3712/tandb/rbtree.go:106.42,111.5 4 0
github.com/Devansh3712/tandb/rbtree.go:111.10,112.33 1 0
github.com/Devansh3712/tandb/rbtree.go:112.33,115.6 2 0
github.com/Devansh3712/tandb/rbtree.go:116.5,118.37 3 0
github.com/Devansh3712/tandb/rbtree.go:122.2,122.22 1 0
github.com/Devansh3712/tandb/rbtree.go:125.39,126.31 1 0
github.com/Devansh3712/tandb/rbtree.go:126.31,128.3 1 0
github.com/Devansh3712/tandb/rbtree.go:129.2,134.18 4 0
github.com/Devansh3712/tandb/rbtree.go:134.18,136.30 2 0
github.com/Devansh3712/tandb/rbtree.go:136.30,138.4 1 0
github.com/Devansh3712/tandb/rbtree.go:138.9,140.4 1 0
github.com/Devansh3712/tandb/rbtree.go:142.2,144.17 2 0
github.com/Devansh3712/tandb/rbtree.go:144.17,146.3 1 0
github.com/Devansh3712/tandb/rbtree.go:146.8,146.36 1 0
github.com/Devansh3712/tandb/rbtree.go:146.36,148.3 1 0
github.com/Devansh3712/tandb/rbtree.go:148.8,150.3 1 0
github.com/Devansh3712/tandb/rbtree.go:151.2,152.19 2 0
github.com/Devansh3712/tandb/rbtree.go:155.48,156.17 1 0
github.com/Devansh3712/tandb/rbtree.go:156.17,158.3 1 0
github.com/Devansh3712/tandb/rbtree.go:159.2,161.31 3 0
github.com/Devansh3712/tandb/rbtree.go:164.37,168.12 3 0
github.com/Devansh3712/tandb/rbtree.go:168.12,171.3 2 0
github.com/Devansh3712/tandb/rbtree.go:173.2,173.32 1 0
github.com/Devansh3712/tandb/rbtree.go:173.32,175.3 1 0
github.com/Devansh3712/tandb/rbtree.go:176.2,176.15 1 0
github.com/Devansh3712/tandb/server.go:29.36,33.2 1 0
github.com/Devansh3712/tandb/server.go:35.26,37.16 2 0
github.com/Devansh3712/tandb/server.go:37.16,38.13 1 0
github.com/Devansh3712/tandb/server.go:40.2,46.13 6 0
github.com/Devansh3712/tandb/server.go:49.38,51.6 2 0
github.com/Devansh3712/tandb/server.go:51.6,53.17 2 0
github.com/Devansh3712/tandb/server.go:53.17,55.12 2 0
github.com/Devansh3712/tandb/server.go:57.3,58.23 2 0
github.com/Devansh3712/tandb/server.go:62.45,64.6 2 0
github.com/Devansh3712/tandb/server.go:64.6,66.17 2 0
github.com/Devansh3712/tandb/server.go:66.17,68.9 2 0
github.com/Devansh3712/tandb/server.go:70.3,74.4 3 0
github.com/Devansh3712/tandb/server.go:78.34,79.6 1 0
github.com/Devansh3712/tandb/server.go:79.6,82.20 2 0
github.com/Devansh3712/tandb/server.go:83.16,84.14 1 0
github.com/Devansh3712/tandb/server.go:85.16,86.14 1 0
github.com/Devansh3712/tandb/server.go:87.16,88.14 1 0
github.com/Devansh3712/tandb/server.go:89.17,90.15 1 0
github.com/Devansh3712/tandb/server.go:91.17,92.15 1 0
github.com/Devansh3712/tandb/server.go:93.18,94.16 1 0
github.com/Devansh3712/tandb/server.go:95.19,96.17 1 0
github.com/Devansh3712/tandb/server.go:97.19,98.17 1 0
github.com/Devansh3712/tandb/server.go:99.20,100.18 1 0
github.com/Devansh3712/tandb/server.go:101.17,102.15 1 0
github.com/Devansh3712/tandb/server.go:103.18,104.16 1 0
github.com/Devansh3712/tandb/server.go:105.18,106.16 1 0
github.com/Devansh3712/tandb/server.go:107.21,108.19 1 0
github.com/Devansh3712/tandb/server.go:109.22,110.20 1 0
github.com/Devansh3712/tandb/server.go:111.23,112.21 1 0
github.com/Devansh3712/tandb/server.go:113.11,114.28 1 0
github.com/Devansh3712/tandb/set.go:17.19,22.2 1 1
github.com/Devansh3712/tandb/set.go:24.26,29.2 3 1
github.com/Devansh3712/tandb/set.go:31.35,36.2 3 1
github.com/Devansh3712/tandb/set.go:38.43,44.2 4 0
github.com/Devansh3712/tandb/set.go:46.44,50.34 3 0
github.com/Devansh3712/tandb/set.go:50.34,52.3 1 0
github.com/Devansh3712/tandb/set.go:53.2,54.12 2 0
github.com/Devansh3712/tandb/set.go:57.34,61.35 3 0
github.com/Devansh3712/tandb/set.go:61.35,63.3 1 0
github.com/Devansh3712/tandb/set.go:64.2,67.35 3 0
github.com/Devansh3712/tandb/set.go:67.35,69.3 1 0
github.com/Devansh3712/tandb/set.go:70.2,71.17 2 0
github.com/Devansh3712/tandb/set.go:74.41,81.35 6 0
github.com/Devansh3712/tandb/set.go:81.35,82.25 1 0
github.com/Devansh3712/tandb/set.go:82.25,84.4 1 0
github.com/Devansh3712/tandb/set.go:86.2,86.17 1 0
github.com/Devansh3712/tandb/set.go:89.39,96.35 6 0
github.com/Devansh3712/tandb/set.go:96.35,97.26 1 0
github.com/Devansh3712/tandb/set.go:97.26,99.4 1 0
github.com/Devansh3712/tandb/set.go:101.2,101.17 1 0
github.com/Devansh3712/tandb/set.go:104.36,110.35 5 0
github.com/Devansh3712/tandb/set.go:110.35,111.26 1 0
github.com/Devansh3712/tandb/set.go:111.26,113.4 1 0
github.com/Devansh3712/tandb/set.go:115.2,115.13 1 0
github.com/Devansh3712/tandb/store.go:17.23,23.2 1 0
github.com/Devansh3712/tandb/store.go:26.41,32.2 4 0
github.com/Devansh3712/tandb/store.go:38.81,39.19 1 0
github.com/Devansh3712/tandb/store.go:39.19,41.3 1 0
github.com/Devansh3712/tandb/store.go:42.2,48.12 4 0
github.com/Devansh3712/tandb/store.go:52.53,54.2 1 0
github.com/Devansh3712/tandb/store.go:57.49,62.9 4 0
github.com/Devansh3712/tandb/store.go:62.9,64.3 1 0
github.com/Devansh3712/tandb/store.go:65.2,65.24 1 0
github.com/Devansh3712/tandb/store.go:70.46,75.27 4 0
github.com/Devansh3712/tandb/store.go:75.27,78.3 2 0
github.com/Devansh3712/tandb/store.go:79.2,79.15 1 0
github.com/Devansh3712/tandb/store.go:83.39,87.20 3 0
github.com/Devansh3712/tandb/store.go:87.20,89.3 1 0
github.com/Devansh3712/tandb/store.go:90.2,91.12 2 0
github.com/Devansh3712/tandb/store.go:95.68,100.9 4 0
github.com/Devansh3712/tandb/store.go:100.9,102.3 1 0
github.com/Devansh3712/tandb/store.go:103.2,105.12 3 0
github.com/Devansh3712/tandb/store.go:109.43,111.2 1 0
github.com/Devansh3712/tandb/store.go:114.33,119.29 4 0
github.com/Devansh3712/tandb/store.go:119.29,121.3 1 0
github.com/Devansh3712/tandb/store.go:122.2,122.13 1 0
github.com/Devansh3712/tandb/store.go:125.39,130.9 4 0
github.com/Devansh3712/tandb/store.go:130.9,132.3 1 0
github.com/Devansh3712/tandb/store.go:133.2,134.21 2 0
github.com/Devansh3712/tandb/store.go:137.56,143.9 5 0
github.com/Devansh3712/tandb/store.go:143.9,145.3 1 0
github.com/Devansh3712/tandb/store.go:146.2,146.38 1 0
github.com/Devansh3712/tandb/store.go:146.38,148.3 1 0
github.com/Devansh3712/tandb/store.go:149.2,149.22 1 0
github.com/Devansh3712/tandb/store.go:152.48,157.9 4 0
github.com/Devansh3712/tandb/store.go:157.9,159.3 1 0
github.com/Devansh3712/tandb/store.go:160.2,160.26 1 0
github.com/Devansh3712/tandb/store.go:163.58,168.9 4 0
github.com/Devansh3712/tandb/store.go:168.9,170.3 1 0
github.com/Devansh3712/tandb/store.go:171.2,171.31 1 0
github.com/Devansh3712/tandb/store.go:174.56,180.9 5 0
github.com/Devansh3712/tandb/store.go:180.9,182.3 1 0
github.com/Devansh3712/tandb/store.go:183.2,184.9 2 0
github.com/Devansh3712/tandb/store.go:184.9,186.3 1 0
github.com/Devansh3712/tandb/store.go:188.2,189.37 2 0
github.com/Devansh3712/tandb/store.go:189.37,191.3 1 0
github.com/Devansh3712/tandb/store.go:192.2,192.22 1 0
github.com/Devansh3712/tandb/store.go:195.53,197.16 2 0
github.com/Devansh3712/tandb/store.go:197.16,199.3 1 0
github.com/Devansh3712/tandb/store.go:200.2,200.35 1 0
github.com/Devansh3712/tandb/store.go:200.35,202.3 1 0
github.com/Devansh3712/tandb/store.go:203.2,203.12 1 0
github.com/Devansh3712/tandb/store.go:208.28,209.6 1 0
github.com/Devansh3712/tandb/store.go:209.6,213.37 3 0
github.com/Devansh3712/tandb/store.go:213.37,214.23 1 0
github.com/Devansh3712/tandb/store.go:214.23,216.5 1 0
github.com/Devansh3712/tandb/store.go:218.3,218.19 1 0
github.com/Devansh3712/tandb/types.go:54.32,55.24 1 0
github.com/Devansh3712/tandb/types.go:55.24,57.3 1 0
github.com/Devansh3712/tandb/types.go:58.2,60.23 3 0
